\BOOKMARK [1][-]{section*.1}{\376\377\000A\000b\000s\000t\000r\000a\000c\000t}{}% 1
\BOOKMARK [1][-]{section.1}{\376\377\0001\000\040\137\025\212\000}{}% 2
\BOOKMARK [1][-]{section.2}{\376\377\0002\000\040\166\370\121\163\135\345\117\134}{}% 3
\BOOKMARK [1][-]{section.3}{\376\377\0003\000\040\145\160\143\156\226\306}{}% 4
\BOOKMARK [2][-]{subsection.3.1}{\376\377\0003\000.\0001\000\040\000H\000u\000m\000a\000n\000\040\000C\000h\000a\000t\000G\000P\000T\000\040\000C\000o\000m\000p\000a\000r\000i\000s\000o\000n\000\040\000C\000o\000r\000p\000u\000s\377\010\000H\000C\0003\377\011}{section.3}% 5
\BOOKMARK [2][-]{subsection.3.2}{\376\377\0003\000.\0002\000\040\230\204\131\004\164\006\116\016\221\307\150\067}{section.3}% 6
\BOOKMARK [1][-]{section.4}{\376\377\0004\000\040\162\171\137\201\135\345\172\013}{}% 7
\BOOKMARK [2][-]{subsection.4.1}{\376\377\0004\000.\0001\000\040\174\173\122\053\116\000\377\032\213\315\154\107\116\060\133\314\136\246}{section.4}% 8
\BOOKMARK [2][-]{subsection.4.2}{\376\377\0004\000.\0002\000\040\174\173\122\053\116\214\377\032\123\357\213\373\140\047}{section.4}% 9
\BOOKMARK [2][-]{subsection.4.3}{\376\377\0004\000.\0003\000\040\174\173\122\053\116\011\377\032\213\315\140\047\116\016\123\345\154\325\162\171\137\201}{section.4}% 10
\BOOKMARK [2][-]{subsection.4.4}{\376\377\0004\000.\0004\000\040\174\173\122\053\126\333\377\032\213\335\213\355\176\323\147\204\377\010\217\336\143\245\213\315\377\011}{section.4}% 11
\BOOKMARK [2][-]{subsection.4.5}{\376\377\0004\000.\0005\000\040\174\173\122\053\116\224\377\032\140\305\141\037\116\016\140\305\176\352}{section.4}% 12
\BOOKMARK [2][-]{subsection.4.6}{\376\377\0004\000.\0006\000\040\174\173\122\053\121\155\377\032\145\207\147\054\176\337\213\241\162\171\137\201}{section.4}% 13
\BOOKMARK [2][-]{subsection.4.7}{\376\377\0004\000.\0007\000\040\166\370\121\163\140\047\217\307\156\344}{section.4}% 14
\BOOKMARK [1][-]{section.5}{\376\377\0005\000\040\133\236\232\214\213\276\177\156}{}% 15
\BOOKMARK [2][-]{subsection.5.1}{\376\377\0005\000.\0001\000\040\152\041\127\213\213\276\177\156}{section.5}% 16
\BOOKMARK [2][-]{subsection.5.2}{\376\377\0005\000.\0002\000\040\213\304\116\367\143\007\150\007}{section.5}% 17
\BOOKMARK [1][-]{section.6}{\376\377\0006\000\040\133\236\232\214\176\323\147\234}{}% 18
\BOOKMARK [2][-]{subsection.6.1}{\376\377\0006\000.\0001\000\040\000H\000C\0003\000\040\202\361\145\207\133\120\226\306}{section.6}% 19
\BOOKMARK [2][-]{subsection.6.2}{\376\377\0006\000.\0002\000\040\000H\000C\0003\000\040\116\055\145\207\133\120\226\306}{section.6}% 20
\BOOKMARK [2][-]{subsection.6.3}{\376\377\0006\000.\0003\000\040\215\350\213\355\212\000\133\371\153\324}{section.6}% 21
\BOOKMARK [1][-]{section.7}{\376\377\0007\000\040\000S\000H\000A\000P\000\040\137\122\126\340\122\006\147\220}{}% 22
\BOOKMARK [2][-]{subsection.7.1}{\376\377\0007\000.\0001\000\040\000S\000H\000A\000P\000\040\221\315\211\201\162\171\137\201\143\222\136\217}{section.7}% 23
\BOOKMARK [2][-]{subsection.7.2}{\376\377\0007\000.\0002\000\040\162\171\137\201\176\304\221\315\211\201\140\047}{section.7}% 24
\BOOKMARK [2][-]{subsection.7.3}{\376\377\0007\000.\0003\000\040\131\032\152\041\127\213\162\171\137\201\221\315\211\201\140\047\121\161\213\306}{section.7}% 25
\BOOKMARK [1][-]{section.8}{\376\377\0008\000\040\121\163\225\056\123\321\163\260\116\016\213\250\213\272}{}% 26
\BOOKMARK [1][-]{section.9}{\376\377\0009\000\040\176\323\213\272}{}% 27
\BOOKMARK [1][-]{section*.29}{\376\377\000A\000c\000k\000n\000o\000w\000l\000e\000d\000g\000m\000e\000n\000t\000s}{}% 28
\BOOKMARK [1][-]{section*.31}{\376\377\123\302\200\003\145\207\163\056}{}% 29
